Drill report for /home/jeff/projects/2019/tr20-badge/repos/tr20-badge-hw/r2/src/tr20-r2-frozen.kicad_pcb
Created on Thu 26 Dec 2019 06:39:33 CST

Copper Layer Stackup:
    =============================================================
    L1 :  F.Cu                      front
    L2 :  In1.Cu                    in1
    L3 :  In2.Cu                    in2
    L4 :  B.Cu                      back


Drill file 'tr20-r2-frozen-PTH.drl' contains
    plated through holes:
    =============================================================
    T1  0.30mm  0.012"  (278 holes)
    T2  0.38mm  0.015"  (19 holes)
    T3  0.40mm  0.016"  (264 holes)
    T4  0.50mm  0.020"  (9 holes)
    T5  0.60mm  0.024"  (4 holes)  (with 4 slots)
    T6  0.80mm  0.031"  (32 holes)
    T7  1.00mm  0.039"  (4 holes)
    T8  1.50mm  0.059"  (1 hole)
    T9  1.70mm  0.067"  (4 holes)

    Total plated holes count 615


Drill file 'tr20-r2-frozen-NPTH.drl' contains
    unplated through holes:
    =============================================================
    T1  0.65mm  0.026"  (2 holes)
    T2  0.80mm  0.031"  (1 hole)
    T3  0.90mm  0.035"  (4 holes)
    T4  1.00mm  0.039"  (6 holes)
    T5  1.10mm  0.043"  (1 hole)
    T6  1.50mm  0.059"  (2 holes)

    Total unplated holes count 16
